repl?xpc={"cn"%3A"d9fG2gzWk4"%2C"ppu"%3A"http%3A%2F%2Flocalhost%3A9000%2Frobots.txt"%2C"lpu"%3A"http%3A%2F%2Flocalhost%3A9000%2Frobots.txt"}:2469 XHR finished loading: POST "http://localhost:9000/".
goog.net.XhrIo.send @ repl?xpc={"cn"%3A"d9fG2gzWk4"%2C"ppu"%3A"http%3A%2F%2Flocalhost%3A9000%2Frobots.txt"%2C"lpu"%3A"http%3A%2F%2Flocalhost%3A9000%2Frobots.txt"}:2469
goog.net.XhrIo.clojure$browser$net$IConnection$transmit$arity$6 @ repl?xpc={"cn"%3A"d9fG2gzWk4"%2C"ppu"%3A"http%3A%2F%2Flocalhost%3A9000%2Frobots.txt"%2C"lpu"%3A"http%3A%2F%2Flocalhost%3A9000%2Frobots.txt"}:2678
clojure.browser.net.transmit.cljs$core$IFn$_invoke$arity$6 @ repl?xpc={"cn"%3A"d9fG2gzWk4"%2C"ppu"%3A"http%3A%2F%2Flocalhost%3A9000%2Frobots.txt"%2C"lpu"%3A"http%3A%2F%2Flocalhost%3A9000%2Frobots.txt"}:2674
clojure.browser.net.transmit @ repl?xpc={"cn"%3A"d9fG2gzWk4"%2C"ppu"%3A"http%3A%2F%2Flocalhost%3A9000%2Frobots.txt"%2C"lpu"%3A"http%3A%2F%2Flocalhost%3A9000%2Frobots.txt"}:2669
clojure.browser.repl.send_result @ repl?xpc={"cn"%3A"d9fG2gzWk4"%2C"ppu"%3A"http%3A%2F%2Flocalhost%3A9000%2Frobots.txt"%2C"lpu"%3A"http%3A%2F%2Flocalhost%3A9000%2Frobots.txt"}:3278
(anonymous) @ repl?xpc={"cn"%3A"d9fG2gzWk4"%2C"ppu"%3A"http%3A%2F%2Flocalhost%3A9000%2Frobots.txt"%2C"lpu"%3A"http%3A%2F%2Flocalhost%3A9000%2Frobots.txt"}:3285
goog.messaging.AbstractChannel.deliver @ repl?xpc={"cn"%3A"d9fG2gzWk4"%2C"ppu"%3A"http%3A%2F%2Flocalhost%3A9000%2Frobots.txt"%2C"lpu"%3A"http%3A%2F%2Flocalhost%3A9000%2Frobots.txt"}:2517
goog.net.xpc.CrossPageChannel.xpcDeliver @ repl?xpc={"cn"%3A"d9fG2gzWk4"%2C"ppu"%3A"http%3A%2F%2Flocalhost%3A9000%2Frobots.txt"%2C"lpu"%3A"http%3A%2F%2Flocalhost%3A9000%2Frobots.txt"}:2631
goog.net.xpc.NativeMessagingTransport.messageReceived_ @ repl?xpc={"cn"%3A"d9fG2gzWk4"%2C"ppu"%3A"http%3A%2F%2Flocalhost%3A9000%2Frobots.txt"%2C"lpu"%3A"http%3A%2F%2Flocalhost%3A9000%2Frobots.txt"}:2587
goog.events.fireListener @ repl?xpc={"cn"%3A"d9fG2gzWk4"%2C"ppu"%3A"http%3A%2F%2Flocalhost%3A9000%2Frobots.txt"%2C"lpu"%3A"http%3A%2F%2Flocalhost%3A9000%2Frobots.txt"}:2433
goog.events.handleBrowserEvent_ @ repl?xpc={"cn"%3A"d9fG2gzWk4"%2C"ppu"%3A"http%3A%2F%2Flocalhost%3A9000%2Frobots.txt"%2C"lpu"%3A"http%3A%2F%2Flocalhost%3A9000%2Frobots.txt"}:2436
b @ repl?xpc={"cn"%3A"d9fG2gzWk4"%2C"ppu"%3A"http%3A%2F%2Flocalhost%3A9000%2Frobots.txt"%2C"lpu"%3A"http%3A%2F%2Flocalhost%3A9000%2Frobots.txt"}:2425
postMessage (async)
sendFunctor @ nativemessagingtransport.js:559
setTimeout (async)
goog.Timer.callOnce @ timer.js:287
send @ nativemessagingtransport.js:574
goog.net.xpc.CrossPageChannel.send @ crosspagechannel.js:681
(anonymous) @ net.cljs:112
(anonymous) @ net.cljs:39
clojure$browser$net$transmit @ net.cljs:31
(anonymous) @ repl.cljs:244
goog.messaging.AbstractChannel.deliver @ abstractchannel.js:141
goog.net.xpc.CrossPageChannel.xpcDeliver @ crosspagechannel.js:734
goog.net.xpc.NativeMessagingTransport.messageReceived_ @ nativemessagingtransport.js:321
goog.events.fireListener @ events.js:744
goog.events.handleBrowserEvent_ @ events.js:870
f @ events.js:289
postMessage (async)
(anonymous) @ repl?xpc={"cn"%3A"d9fG2gzWk4"%2C"ppu"%3A"http%3A%2F%2Flocalhost%3A9000%2Frobots.txt"%2C"lpu"%3A"http%3A%2F%2Flocalhost%3A9000%2Frobots.txt"}:2595
setTimeout (async)
goog.Timer.callOnce @ repl?xpc={"cn"%3A"d9fG2gzWk4"%2C"ppu"%3A"http%3A%2F%2Flocalhost%3A9000%2Frobots.txt"%2C"lpu"%3A"http%3A%2F%2Flocalhost%3A9000%2Frobots.txt"}:2450
c.send @ repl?xpc={"cn"%3A"d9fG2gzWk4"%2C"ppu"%3A"http%3A%2F%2Flocalhost%3A9000%2Frobots.txt"%2C"lpu"%3A"http%3A%2F%2Flocalhost%3A9000%2Frobots.txt"}:2595
goog.net.xpc.CrossPageChannel.send @ repl?xpc={"cn"%3A"d9fG2gzWk4"%2C"ppu"%3A"http%3A%2F%2Flocalhost%3A9000%2Frobots.txt"%2C"lpu"%3A"http%3A%2F%2Flocalhost%3A9000%2Frobots.txt"}:2630
goog.net.xpc.CrossPageChannel.clojure$browser$net$IConnection$transmit$arity$3 @ repl?xpc={"cn"%3A"d9fG2gzWk4"%2C"ppu"%3A"http%3A%2F%2Flocalhost%3A9000%2Frobots.txt"%2C"lpu"%3A"http%3A%2F%2Flocalhost%3A9000%2Frobots.txt"}:2688
clojure.browser.net.transmit.cljs$core$IFn$_invoke$arity$3 @ repl?xpc={"cn"%3A"d9fG2gzWk4"%2C"ppu"%3A"http%3A%2F%2Flocalhost%3A9000%2Frobots.txt"%2C"lpu"%3A"http%3A%2F%2Flocalhost%3A9000%2Frobots.txt"}:2671
clojure.browser.net.transmit @ repl?xpc={"cn"%3A"d9fG2gzWk4"%2C"ppu"%3A"http%3A%2F%2Flocalhost%3A9000%2Frobots.txt"%2C"lpu"%3A"http%3A%2F%2Flocalhost%3A9000%2Frobots.txt"}:2668
f @ repl?xpc={"cn"%3A"d9fG2gzWk4"%2C"ppu"%3A"http%3A%2F%2Flocalhost%3A9000%2Frobots.txt"%2C"lpu"%3A"http%3A%2F%2Flocalhost%3A9000%2Frobots.txt"}:3284
goog.net.xpc.CrossPageChannel.notifyConnected @ repl?xpc={"cn"%3A"d9fG2gzWk4"%2C"ppu"%3A"http%3A%2F%2Flocalhost%3A9000%2Frobots.txt"%2C"lpu"%3A"http%3A%2F%2Flocalhost%3A9000%2Frobots.txt"}:2629
goog.net.xpc.NativeMessagingTransport.notifyConnected_ @ repl?xpc={"cn"%3A"d9fG2gzWk4"%2C"ppu"%3A"http%3A%2F%2Flocalhost%3A9000%2Frobots.txt"%2C"lpu"%3A"http%3A%2F%2Flocalhost%3A9000%2Frobots.txt"}:2596
goog.async.Deferred.fire_ @ repl?xpc={"cn"%3A"d9fG2gzWk4"%2C"ppu"%3A"http%3A%2F%2Flocalhost%3A9000%2Frobots.txt"%2C"lpu"%3A"http%3A%2F%2Flocalhost%3A9000%2Frobots.txt"}:2503
goog.async.Deferred.updateResult_ @ repl?xpc={"cn"%3A"d9fG2gzWk4"%2C"ppu"%3A"http%3A%2F%2Flocalhost%3A9000%2Frobots.txt"%2C"lpu"%3A"http%3A%2F%2Flocalhost%3A9000%2Frobots.txt"}:2496
goog.async.Deferred.continue_ @ repl?xpc={"cn"%3A"d9fG2gzWk4"%2C"ppu"%3A"http%3A%2F%2Flocalhost%3A9000%2Frobots.txt"%2C"lpu"%3A"http%3A%2F%2Flocalhost%3A9000%2Frobots.txt"}:2496
goog.async.Deferred.fire_ @ repl?xpc={"cn"%3A"d9fG2gzWk4"%2C"ppu"%3A"http%3A%2F%2Flocalhost%3A9000%2Frobots.txt"%2C"lpu"%3A"http%3A%2F%2Flocalhost%3A9000%2Frobots.txt"}:2503
goog.async.Deferred.addCallbacks @ repl?xpc={"cn"%3A"d9fG2gzWk4"%2C"ppu"%3A"http%3A%2F%2Flocalhost%3A9000%2Frobots.txt"%2C"lpu"%3A"http%3A%2F%2Flocalhost%3A9000%2Frobots.txt"}:2499
goog.async.Deferred.fire_ @ repl?xpc={"cn"%3A"d9fG2gzWk4"%2C"ppu"%3A"http%3A%2F%2Flocalhost%3A9000%2Frobots.txt"%2C"lpu"%3A"http%3A%2F%2Flocalhost%3A9000%2Frobots.txt"}:2504
goog.async.Deferred.updateResult_ @ repl?xpc={"cn"%3A"d9fG2gzWk4"%2C"ppu"%3A"http%3A%2F%2Flocalhost%3A9000%2Frobots.txt"%2C"lpu"%3A"http%3A%2F%2Flocalhost%3A9000%2Frobots.txt"}:2496
goog.async.Deferred.continue_ @ repl?xpc={"cn"%3A"d9fG2gzWk4"%2C"ppu"%3A"http%3A%2F%2Flocalhost%3A9000%2Frobots.txt"%2C"lpu"%3A"http%3A%2F%2Flocalhost%3A9000%2Frobots.txt"}:2496
goog.async.Deferred.fire_ @ repl?xpc={"cn"%3A"d9fG2gzWk4"%2C"ppu"%3A"http%3A%2F%2Flocalhost%3A9000%2Frobots.txt"%2C"lpu"%3A"http%3A%2F%2Flocalhost%3A9000%2Frobots.txt"}:2503
goog.async.Deferred.updateResult_ @ repl?xpc={"cn"%3A"d9fG2gzWk4"%2C"ppu"%3A"http%3A%2F%2Flocalhost%3A9000%2Frobots.txt"%2C"lpu"%3A"http%3A%2F%2Flocalhost%3A9000%2Frobots.txt"}:2496
goog.async.Deferred.callback @ repl?xpc={"cn"%3A"d9fG2gzWk4"%2C"ppu"%3A"http%3A%2F%2Flocalhost%3A9000%2Frobots.txt"%2C"lpu"%3A"http%3A%2F%2Flocalhost%3A9000%2Frobots.txt"}:2497
goog.async.Deferred.fire_ @ repl?xpc={"cn"%3A"d9fG2gzWk4"%2C"ppu"%3A"http%3A%2F%2Flocalhost%3A9000%2Frobots.txt"%2C"lpu"%3A"http%3A%2F%2Flocalhost%3A9000%2Frobots.txt"}:2503
goog.async.Deferred.updateResult_ @ repl?xpc={"cn"%3A"d9fG2gzWk4"%2C"ppu"%3A"http%3A%2F%2Flocalhost%3A9000%2Frobots.txt"%2C"lpu"%3A"http%3A%2F%2Flocalhost%3A9000%2Frobots.txt"}:2496
goog.async.Deferred.callback @ repl?xpc={"cn"%3A"d9fG2gzWk4"%2C"ppu"%3A"http%3A%2F%2Flocalhost%3A9000%2Frobots.txt"%2C"lpu"%3A"http%3A%2F%2Flocalhost%3A9000%2Frobots.txt"}:2497
goog.net.xpc.NativeMessagingTransport.transportServiceHandler @ repl?xpc={"cn"%3A"d9fG2gzWk4"%2C"ppu"%3A"http%3A%2F%2Flocalhost%3A9000%2Frobots.txt"%2C"lpu"%3A"http%3A%2F%2Flocalhost%3A9000%2Frobots.txt"}:2589
goog.net.xpc.CrossPageChannel.xpcDeliver @ repl?xpc={"cn"%3A"d9fG2gzWk4"%2C"ppu"%3A"http%3A%2F%2Flocalhost%3A9000%2Frobots.txt"%2C"lpu"%3A"http%3A%2F%2Flocalhost%3A9000%2Frobots.txt"}:2632
goog.net.xpc.NativeMessagingTransport.messageReceived_ @ repl?xpc={"cn"%3A"d9fG2gzWk4"%2C"ppu"%3A"http%3A%2F%2Flocalhost%3A9000%2Frobots.txt"%2C"lpu"%3A"http%3A%2F%2Flocalhost%3A9000%2Frobots.txt"}:2587
goog.events.fireListener @ repl?xpc={"cn"%3A"d9fG2gzWk4"%2C"ppu"%3A"http%3A%2F%2Flocalhost%3A9000%2Frobots.txt"%2C"lpu"%3A"http%3A%2F%2Flocalhost%3A9000%2Frobots.txt"}:2433
goog.events.handleBrowserEvent_ @ repl?xpc={"cn"%3A"d9fG2gzWk4"%2C"ppu"%3A"http%3A%2F%2Flocalhost%3A9000%2Frobots.txt"%2C"lpu"%3A"http%3A%2F%2Flocalhost%3A9000%2Frobots.txt"}:2436
b @ repl?xpc={"cn"%3A"d9fG2gzWk4"%2C"ppu"%3A"http%3A%2F%2Flocalhost%3A9000%2Frobots.txt"%2C"lpu"%3A"http%3A%2F%2Flocalhost%3A9000%2Frobots.txt"}:2425
postMessage (async)
sendFunctor @ nativemessagingtransport.js:559
setTimeout (async)
goog.Timer.callOnce @ timer.js:287
send @ nativemessagingtransport.js:574
goog.net.xpc.NativeMessagingTransport.sendSetupAckMessage_ @ nativemessagingtransport.js:451
goog.net.xpc.NativeMessagingTransport.transportServiceHandler @ nativemessagingtransport.js:393
goog.net.xpc.CrossPageChannel.xpcDeliver @ crosspagechannel.js:730
goog.net.xpc.NativeMessagingTransport.messageReceived_ @ nativemessagingtransport.js:321
goog.events.fireListener @ events.js:744
goog.events.handleBrowserEvent_ @ events.js:870
f @ events.js:289
postMessage (async)
(anonymous) @ repl?xpc={"cn"%3A"d9fG2gzWk4"%2C"ppu"%3A"http%3A%2F%2Flocalhost%3A9000%2Frobots.txt"%2C"lpu"%3A"http%3A%2F%2Flocalhost%3A9000%2Frobots.txt"}:2595
setTimeout (async)
goog.Timer.callOnce @ repl?xpc={"cn"%3A"d9fG2gzWk4"%2C"ppu"%3A"http%3A%2F%2Flocalhost%3A9000%2Frobots.txt"%2C"lpu"%3A"http%3A%2F%2Flocalhost%3A9000%2Frobots.txt"}:2450
c.send @ repl?xpc={"cn"%3A"d9fG2gzWk4"%2C"ppu"%3A"http%3A%2F%2Flocalhost%3A9000%2Frobots.txt"%2C"lpu"%3A"http%3A%2F%2Flocalhost%3A9000%2Frobots.txt"}:2595
goog.net.xpc.NativeMessagingTransport.send @ repl?xpc={"cn"%3A"d9fG2gzWk4"%2C"ppu"%3A"http%3A%2F%2Flocalhost%3A9000%2Frobots.txt"%2C"lpu"%3A"http%3A%2F%2Flocalhost%3A9000%2Frobots.txt"}:2596
goog.net.xpc.NativeMessagingTransport.sendSetupMessage_ @ repl?xpc={"cn"%3A"d9fG2gzWk4"%2C"ppu"%3A"http%3A%2F%2Flocalhost%3A9000%2Frobots.txt"%2C"lpu"%3A"http%3A%2F%2Flocalhost%3A9000%2Frobots.txt"}:2591
goog.net.xpc.NativeMessagingTransport.maybeAttemptToConnect_ @ repl?xpc={"cn"%3A"d9fG2gzWk4"%2C"ppu"%3A"http%3A%2F%2Flocalhost%3A9000%2Frobots.txt"%2C"lpu"%3A"http%3A%2F%2Flocalhost%3A9000%2Frobots.txt"}:2594
goog.net.xpc.NativeMessagingTransport.connect @ repl?xpc={"cn"%3A"d9fG2gzWk4"%2C"ppu"%3A"http%3A%2F%2Flocalhost%3A9000%2Frobots.txt"%2C"lpu"%3A"http%3A%2F%2Flocalhost%3A9000%2Frobots.txt"}:2593
goog.net.xpc.CrossPageChannel.continueConnection_ @ repl?xpc={"cn"%3A"d9fG2gzWk4"%2C"ppu"%3A"http%3A%2F%2Flocalhost%3A9000%2Frobots.txt"%2C"lpu"%3A"http%3A%2F%2Flocalhost%3A9000%2Frobots.txt"}:2628
goog.net.xpc.CrossPageChannel.connect @ repl?xpc={"cn"%3A"d9fG2gzWk4"%2C"ppu"%3A"http%3A%2F%2Flocalhost%3A9000%2Frobots.txt"%2C"lpu"%3A"http%3A%2F%2Flocalhost%3A9000%2Frobots.txt"}:2626
goog.net.xpc.CrossPageChannel.clojure$browser$net$IConnection$connect$arity$2 @ repl?xpc={"cn"%3A"d9fG2gzWk4"%2C"ppu"%3A"http%3A%2F%2Flocalhost%3A9000%2Frobots.txt"%2C"lpu"%3A"http%3A%2F%2Flocalhost%3A9000%2Frobots.txt"}:2687
clojure.browser.net.connect.cljs$core$IFn$_invoke$arity$2 @ repl?xpc={"cn"%3A"d9fG2gzWk4"%2C"ppu"%3A"http%3A%2F%2Flocalhost%3A9000%2Frobots.txt"%2C"lpu"%3A"http%3A%2F%2Flocalhost%3A9000%2Frobots.txt"}:2664
clojure.browser.net.connect @ repl?xpc={"cn"%3A"d9fG2gzWk4"%2C"ppu"%3A"http%3A%2F%2Flocalhost%3A9000%2Frobots.txt"%2C"lpu"%3A"http%3A%2F%2Flocalhost%3A9000%2Frobots.txt"}:2661
clojure.browser.repl.start_evaluator @ repl?xpc={"cn"%3A"d9fG2gzWk4"%2C"ppu"%3A"http%3A%2F%2Flocalhost%3A9000%2Frobots.txt"%2C"lpu"%3A"http%3A%2F%2Flocalhost%3A9000%2Frobots.txt"}:3284
(anonymous) @ repl?xpc={"cn"%3A"d9fG2gzWk4"%2C"ppu"%3A"http%3A%2F%2Flocalhost%3A9000%2Frobots.txt"%2C"lpu"%3A"http%3A%2F%2Flocalhost%3A9000%2Frobots.txt"}:3296
goog.events.fireListener @ repl?xpc={"cn"%3A"d9fG2gzWk4"%2C"ppu"%3A"http%3A%2F%2Flocalhost%3A9000%2Frobots.txt"%2C"lpu"%3A"http%3A%2F%2Flocalhost%3A9000%2Frobots.txt"}:2433
goog.events.handleBrowserEvent_ @ repl?xpc={"cn"%3A"d9fG2gzWk4"%2C"ppu"%3A"http%3A%2F%2Flocalhost%3A9000%2Frobots.txt"%2C"lpu"%3A"http%3A%2F%2Flocalhost%3A9000%2Frobots.txt"}:2436
b @ repl?xpc={"cn"%3A"d9fG2gzWk4"%2C"ppu"%3A"http%3A%2F%2Flocalhost%3A9000%2Frobots.txt"%2C"lpu"%3A"http%3A%2F%2Flocalhost%3A9000%2Frobots.txt"}:2425
load (async)
goog.events.listen_ @ repl?xpc={"cn"%3A"d9fG2gzWk4"%2C"ppu"%3A"http%3A%2F%2Flocalhost%3A9000%2Frobots.txt"%2C"lpu"%3A"http%3A%2F%2Flocalhost%3A9000%2Frobots.txt"}:2424
goog.events.listen @ repl?xpc={"cn"%3A"d9fG2gzWk4"%2C"ppu"%3A"http%3A%2F%2Flocalhost%3A9000%2Frobots.txt"%2C"lpu"%3A"http%3A%2F%2Flocalhost%3A9000%2Frobots.txt"}:2422
clojure.browser.repl.client.start @ repl?xpc={"cn"%3A"d9fG2gzWk4"%2C"ppu"%3A"http%3A%2F%2Flocalhost%3A9000%2Frobots.txt"%2C"lpu"%3A"http%3A%2F%2Flocalhost%3A9000%2Frobots.txt"}:3296
(anonymous) @ repl?xpc={"cn"%3A"d9fG2gzWk4"%2C"ppu"%3A"http%3A%2F%2Flocalhost%3A9000%2Frobots.txt"%2C"lpu"%3A"http%3A%2F%2Flocalhost%3A9000%2Frobots.txt"}:3297
repl?xpc={"cn"%3A"d9fG2gzWk4"%2C"ppu"%3A"http%3A%2F%2Flocalhost%3A9000%2Frobots.txt"%2C"lpu"%3A"http%3A%2F%2Flocalhost%3A9000%2Frobots.txt"}:2469 POST http://localhost:9000/ net::ERR_EMPTY_RESPONSE
goog.net.XhrIo.send @ repl?xpc={"cn"%3A"d9fG2gzWk4"%2C"ppu"%3A"http%3A%2F%2Flocalhost%3A9000%2Frobots.txt"%2C"lpu"%3A"http%3A%2F%2Flocalhost%3A9000%2Frobots.txt"}:2469
goog.net.XhrIo.clojure$browser$net$IConnection$transmit$arity$6 @ repl?xpc={"cn"%3A"d9fG2gzWk4"%2C"ppu"%3A"http%3A%2F%2Flocalhost%3A9000%2Frobots.txt"%2C"lpu"%3A"http%3A%2F%2Flocalhost%3A9000%2Frobots.txt"}:2678
clojure.browser.net.transmit.cljs$core$IFn$_invoke$arity$6 @ repl?xpc={"cn"%3A"d9fG2gzWk4"%2C"ppu"%3A"http%3A%2F%2Flocalhost%3A9000%2Frobots.txt"%2C"lpu"%3A"http%3A%2F%2Flocalhost%3A9000%2Frobots.txt"}:2674
clojure.browser.net.transmit @ repl?xpc={"cn"%3A"d9fG2gzWk4"%2C"ppu"%3A"http%3A%2F%2Flocalhost%3A9000%2Frobots.txt"%2C"lpu"%3A"http%3A%2F%2Flocalhost%3A9000%2Frobots.txt"}:2669
clojure.browser.repl.send_result @ repl?xpc={"cn"%3A"d9fG2gzWk4"%2C"ppu"%3A"http%3A%2F%2Flocalhost%3A9000%2Frobots.txt"%2C"lpu"%3A"http%3A%2F%2Flocalhost%3A9000%2Frobots.txt"}:3278
(anonymous) @ repl?xpc={"cn"%3A"d9fG2gzWk4"%2C"ppu"%3A"http%3A%2F%2Flocalhost%3A9000%2Frobots.txt"%2C"lpu"%3A"http%3A%2F%2Flocalhost%3A9000%2Frobots.txt"}:3286
goog.messaging.AbstractChannel.deliver @ repl?xpc={"cn"%3A"d9fG2gzWk4"%2C"ppu"%3A"http%3A%2F%2Flocalhost%3A9000%2Frobots.txt"%2C"lpu"%3A"http%3A%2F%2Flocalhost%3A9000%2Frobots.txt"}:2517
goog.net.xpc.CrossPageChannel.xpcDeliver @ repl?xpc={"cn"%3A"d9fG2gzWk4"%2C"ppu"%3A"http%3A%2F%2Flocalhost%3A9000%2Frobots.txt"%2C"lpu"%3A"http%3A%2F%2Flocalhost%3A9000%2Frobots.txt"}:2631
goog.net.xpc.NativeMessagingTransport.messageReceived_ @ repl?xpc={"cn"%3A"d9fG2gzWk4"%2C"ppu"%3A"http%3A%2F%2Flocalhost%3A9000%2Frobots.txt"%2C"lpu"%3A"http%3A%2F%2Flocalhost%3A9000%2Frobots.txt"}:2587
goog.events.fireListener @ repl?xpc={"cn"%3A"d9fG2gzWk4"%2C"ppu"%3A"http%3A%2F%2Flocalhost%3A9000%2Frobots.txt"%2C"lpu"%3A"http%3A%2F%2Flocalhost%3A9000%2Frobots.txt"}:2433
goog.events.handleBrowserEvent_ @ repl?xpc={"cn"%3A"d9fG2gzWk4"%2C"ppu"%3A"http%3A%2F%2Flocalhost%3A9000%2Frobots.txt"%2C"lpu"%3A"http%3A%2F%2Flocalhost%3A9000%2Frobots.txt"}:2436
b @ repl?xpc={"cn"%3A"d9fG2gzWk4"%2C"ppu"%3A"http%3A%2F%2Flocalhost%3A9000%2Frobots.txt"%2C"lpu"%3A"http%3A%2F%2Flocalhost%3A9000%2Frobots.txt"}:2425
postMessage (async)
sendFunctor @ nativemessagingtransport.js:559
setTimeout (async)
goog.Timer.callOnce @ timer.js:287
send @ nativemessagingtransport.js:574
goog.net.xpc.CrossPageChannel.send @ crosspagechannel.js:681
(anonymous) @ net.cljs:112
(anonymous) @ net.cljs:39
clojure$browser$net$transmit @ net.cljs:31
(anonymous) @ repl.cljs:254
goog.messaging.AbstractChannel.deliver @ abstractchannel.js:141
goog.net.xpc.CrossPageChannel.xpcDeliver @ crosspagechannel.js:734
goog.net.xpc.NativeMessagingTransport.messageReceived_ @ nativemessagingtransport.js:321
goog.events.fireListener @ events.js:744
goog.events.handleBrowserEvent_ @ events.js:870
f @ events.js:289
postMessage (async)
(anonymous) @ repl?xpc={"cn"%3A"d9fG2gzWk4"%2C"ppu"%3A"http%3A%2F%2Flocalhost%3A9000%2Frobots.txt"%2C"lpu"%3A"http%3A%2F%2Flocalhost%3A9000%2Frobots.txt"}:2595
setTimeout (async)
goog.Timer.callOnce @ repl?xpc={"cn"%3A"d9fG2gzWk4"%2C"ppu"%3A"http%3A%2F%2Flocalhost%3A9000%2Frobots.txt"%2C"lpu"%3A"http%3A%2F%2Flocalhost%3A9000%2Frobots.txt"}:2450
c.send @ repl?xpc={"cn"%3A"d9fG2gzWk4"%2C"ppu"%3A"http%3A%2F%2Flocalhost%3A9000%2Frobots.txt"%2C"lpu"%3A"http%3A%2F%2Flocalhost%3A9000%2Frobots.txt"}:2595
goog.net.xpc.CrossPageChannel.send @ repl?xpc={"cn"%3A"d9fG2gzWk4"%2C"ppu"%3A"http%3A%2F%2Flocalhost%3A9000%2Frobots.txt"%2C"lpu"%3A"http%3A%2F%2Flocalhost%3A9000%2Frobots.txt"}:2630
goog.net.xpc.CrossPageChannel.clojure$browser$net$IConnection$transmit$arity$3 @ repl?xpc={"cn"%3A"d9fG2gzWk4"%2C"ppu"%3A"http%3A%2F%2Flocalhost%3A9000%2Frobots.txt"%2C"lpu"%3A"http%3A%2F%2Flocalhost%3A9000%2Frobots.txt"}:2688
clojure.browser.net.transmit.cljs$core$IFn$_invoke$arity$3 @ repl?xpc={"cn"%3A"d9fG2gzWk4"%2C"ppu"%3A"http%3A%2F%2Flocalhost%3A9000%2Frobots.txt"%2C"lpu"%3A"http%3A%2F%2Flocalhost%3A9000%2Frobots.txt"}:2671
clojure.browser.net.transmit @ repl?xpc={"cn"%3A"d9fG2gzWk4"%2C"ppu"%3A"http%3A%2F%2Flocalhost%3A9000%2Frobots.txt"%2C"lpu"%3A"http%3A%2F%2Flocalhost%3A9000%2Frobots.txt"}:2668
(anonymous) @ repl?xpc={"cn"%3A"d9fG2gzWk4"%2C"ppu"%3A"http%3A%2F%2Flocalhost%3A9000%2Frobots.txt"%2C"lpu"%3A"http%3A%2F%2Flocalhost%3A9000%2Frobots.txt"}:3285
goog.events.EventTarget.fireListeners @ repl?xpc={"cn"%3A"d9fG2gzWk4"%2C"ppu"%3A"http%3A%2F%2Flocalhost%3A9000%2Frobots.txt"%2C"lpu"%3A"http%3A%2F%2Flocalhost%3A9000%2Frobots.txt"}:2443
goog.events.EventTarget.dispatchEventInternal_ @ repl?xpc={"cn"%3A"d9fG2gzWk4"%2C"ppu"%3A"http%3A%2F%2Flocalhost%3A9000%2Frobots.txt"%2C"lpu"%3A"http%3A%2F%2Flocalhost%3A9000%2Frobots.txt"}:2445
goog.events.EventTarget.dispatchEvent @ repl?xpc={"cn"%3A"d9fG2gzWk4"%2C"ppu"%3A"http%3A%2F%2Flocalhost%3A9000%2Frobots.txt"%2C"lpu"%3A"http%3A%2F%2Flocalhost%3A9000%2Frobots.txt"}:2440
goog.net.XhrIo.onReadyStateChangeHelper_ @ repl?xpc={"cn"%3A"d9fG2gzWk4"%2C"ppu"%3A"http%3A%2F%2Flocalhost%3A9000%2Frobots.txt"%2C"lpu"%3A"http%3A%2F%2Flocalhost%3A9000%2Frobots.txt"}:2476
goog.net.XhrIo.onReadyStateChangeEntryPoint_ @ repl?xpc={"cn"%3A"d9fG2gzWk4"%2C"ppu"%3A"http%3A%2F%2Flocalhost%3A9000%2Frobots.txt"%2C"lpu"%3A"http%3A%2F%2Flocalhost%3A9000%2Frobots.txt"}:2474
goog.net.XhrIo.onReadyStateChange_ @ repl?xpc={"cn"%3A"d9fG2gzWk4"%2C"ppu"%3A"http%3A%2F%2Flocalhost%3A9000%2Frobots.txt"%2C"lpu"%3A"http%3A%2F%2Flocalhost%3A9000%2Frobots.txt"}:2474
XMLHttpRequest.send (async)
goog.net.XhrIo.send @ repl?xpc={"cn"%3A"d9fG2gzWk4"%2C"ppu"%3A"http%3A%2F%2Flocalhost%3A9000%2Frobots.txt"%2C"lpu"%3A"http%3A%2F%2Flocalhost%3A9000%2Frobots.txt"}:2469
goog.net.XhrIo.clojure$browser$net$IConnection$transmit$arity$6 @ repl?xpc={"cn"%3A"d9fG2gzWk4"%2C"ppu"%3A"http%3A%2F%2Flocalhost%3A9000%2Frobots.txt"%2C"lpu"%3A"http%3A%2F%2Flocalhost%3A9000%2Frobots.txt"}:2678
clojure.browser.net.transmit.cljs$core$IFn$_invoke$arity$6 @ repl?xpc={"cn"%3A"d9fG2gzWk4"%2C"ppu"%3A"http%3A%2F%2Flocalhost%3A9000%2Frobots.txt"%2C"lpu"%3A"http%3A%2F%2Flocalhost%3A9000%2Frobots.txt"}:2674
clojure.browser.net.transmit @ repl?xpc={"cn"%3A"d9fG2gzWk4"%2C"ppu"%3A"http%3A%2F%2Flocalhost%3A9000%2Frobots.txt"%2C"lpu"%3A"http%3A%2F%2Flocalhost%3A9000%2Frobots.txt"}:2669
clojure.browser.repl.send_result @ repl?xpc={"cn"%3A"d9fG2gzWk4"%2C"ppu"%3A"http%3A%2F%2Flocalhost%3A9000%2Frobots.txt"%2C"lpu"%3A"http%3A%2F%2Flocalhost%3A9000%2Frobots.txt"}:3278
(anonymous) @ repl?xpc={"cn"%3A"d9fG2gzWk4"%2C"ppu"%3A"http%3A%2F%2Flocalhost%3A9000%2Frobots.txt"%2C"lpu"%3A"http%3A%2F%2Flocalhost%3A9000%2Frobots.txt"}:3285
goog.messaging.AbstractChannel.deliver @ repl?xpc={"cn"%3A"d9fG2gzWk4"%2C"ppu"%3A"http%3A%2F%2Flocalhost%3A9000%2Frobots.txt"%2C"lpu"%3A"http%3A%2F%2Flocalhost%3A9000%2Frobots.txt"}:2517
goog.net.xpc.CrossPageChannel.xpcDeliver @ repl?xpc={"cn"%3A"d9fG2gzWk4"%2C"ppu"%3A"http%3A%2F%2Flocalhost%3A9000%2Frobots.txt"%2C"lpu"%3A"http%3A%2F%2Flocalhost%3A9000%2Frobots.txt"}:2631
goog.net.xpc.NativeMessagingTransport.messageReceived_ @ repl?xpc={"cn"%3A"d9fG2gzWk4"%2C"ppu"%3A"http%3A%2F%2Flocalhost%3A9000%2Frobots.txt"%2C"lpu"%3A"http%3A%2F%2Flocalhost%3A9000%2Frobots.txt"}:2587
goog.events.fireListener @ repl?xpc={"cn"%3A"d9fG2gzWk4"%2C"ppu"%3A"http%3A%2F%2Flocalhost%3A9000%2Frobots.txt"%2C"lpu"%3A"http%3A%2F%2Flocalhost%3A9000%2Frobots.txt"}:2433
goog.events.handleBrowserEvent_ @ repl?xpc={"cn"%3A"d9fG2gzWk4"%2C"ppu"%3A"http%3A%2F%2Flocalhost%3A9000%2Frobots.txt"%2C"lpu"%3A"http%3A%2F%2Flocalhost%3A9000%2Frobots.txt"}:2436
b @ repl?xpc={"cn"%3A"d9fG2gzWk4"%2C"ppu"%3A"http%3A%2F%2Flocalhost%3A9000%2Frobots.txt"%2C"lpu"%3A"http%3A%2F%2Flocalhost%3A9000%2Frobots.txt"}:2425
postMessage (async)
sendFunctor @ nativemessagingtransport.js:559
setTimeout (async)
goog.Timer.callOnce @ timer.js:287
send @ nativemessagingtransport.js:574
goog.net.xpc.CrossPageChannel.send @ crosspagechannel.js:681
(anonymous) @ net.cljs:112
(anonymous) @ net.cljs:39
clojure$browser$net$transmit @ net.cljs:31
(anonymous) @ repl.cljs:244
goog.messaging.AbstractChannel.deliver @ abstractchannel.js:141
goog.net.xpc.CrossPageChannel.xpcDeliver @ crosspagechannel.js:734
goog.net.xpc.NativeMessagingTransport.messageReceived_ @ nativemessagingtransport.js:321
goog.events.fireListener @ events.js:744
goog.events.handleBrowserEvent_ @ events.js:870
f @ events.js:289
postMessage (async)
(anonymous) @ repl?xpc={"cn"%3A"d9fG2gzWk4"%2C"ppu"%3A"http%3A%2F%2Flocalhost%3A9000%2Frobots.txt"%2C"lpu"%3A"http%3A%2F%2Flocalhost%3A9000%2Frobots.txt"}:2595
setTimeout (async)
goog.Timer.callOnce @ repl?xpc={"cn"%3A"d9fG2gzWk4"%2C"ppu"%3A"http%3A%2F%2Flocalhost%3A9000%2Frobots.txt"%2C"lpu"%3A"http%3A%2F%2Flocalhost%3A9000%2Frobots.txt"}:2450
c.send @ repl?xpc={"cn"%3A"d9fG2gzWk4"%2C"ppu"%3A"http%3A%2F%2Flocalhost%3A9000%2Frobots.txt"%2C"lpu"%3A"http%3A%2F%2Flocalhost%3A9000%2Frobots.txt"}:2595
goog.net.xpc.CrossPageChannel.send @ repl?xpc={"cn"%3A"d9fG2gzWk4"%2C"ppu"%3A"http%3A%2F%2Flocalhost%3A9000%2Frobots.txt"%2C"lpu"%3A"http%3A%2F%2Flocalhost%3A9000%2Frobots.txt"}:2630
goog.net.xpc.CrossPageChannel.clojure$browser$net$IConnection$transmit$arity$3 @ repl?xpc={"cn"%3A"d9fG2gzWk4"%2C"ppu"%3A"http%3A%2F%2Flocalhost%3A9000%2Frobots.txt"%2C"lpu"%3A"http%3A%2F%2Flocalhost%3A9000%2Frobots.txt"}:2688
clojure.browser.net.transmit.cljs$core$IFn$_invoke$arity$3 @ repl?xpc={"cn"%3A"d9fG2gzWk4"%2C"ppu"%3A"http%3A%2F%2Flocalhost%3A9000%2Frobots.txt"%2C"lpu"%3A"http%3A%2F%2Flocalhost%3A9000%2Frobots.txt"}:2671
clojure.browser.net.transmit @ repl?xpc={"cn"%3A"d9fG2gzWk4"%2C"ppu"%3A"http%3A%2F%2Flocalhost%3A9000%2Frobots.txt"%2C"lpu"%3A"http%3A%2F%2Flocalhost%3A9000%2Frobots.txt"}:2668
f @ repl?xpc={"cn"%3A"d9fG2gzWk4"%2C"ppu"%3A"http%3A%2F%2Flocalhost%3A9000%2Frobots.txt"%2C"lpu"%3A"http%3A%2F%2Flocalhost%3A9000%2Frobots.txt"}:3284
goog.net.xpc.CrossPageChannel.notifyConnected @ repl?xpc={"cn"%3A"d9fG2gzWk4"%2C"ppu"%3A"http%3A%2F%2Flocalhost%3A9000%2Frobots.txt"%2C"lpu"%3A"http%3A%2F%2Flocalhost%3A9000%2Frobots.txt"}:2629
goog.net.xpc.NativeMessagingTransport.notifyConnected_ @ repl?xpc={"cn"%3A"d9fG2gzWk4"%2C"ppu"%3A"http%3A%2F%2Flocalhost%3A9000%2Frobots.txt"%2C"lpu"%3A"http%3A%2F%2Flocalhost%3A9000%2Frobots.txt"}:2596
goog.async.Deferred.fire_ @ repl?xpc={"cn"%3A"d9fG2gzWk4"%2C"ppu"%3A"http%3A%2F%2Flocalhost%3A9000%2Frobots.txt"%2C"lpu"%3A"http%3A%2F%2Flocalhost%3A9000%2Frobots.txt"}:2503
goog.async.Deferred.updateResult_ @ repl?xpc={"cn"%3A"d9fG2gzWk4"%2C"ppu"%3A"http%3A%2F%2Flocalhost%3A9000%2Frobots.txt"%2C"lpu"%3A"http%3A%2F%2Flocalhost%3A9000%2Frobots.txt"}:2496
goog.async.Deferred.continue_ @ repl?xpc={"cn"%3A"d9fG2gzWk4"%2C"ppu"%3A"http%3A%2F%2Flocalhost%3A9000%2Frobots.txt"%2C"lpu"%3A"http%3A%2F%2Flocalhost%3A9000%2Frobots.txt"}:2496
goog.async.Deferred.fire_ @ repl?xpc={"cn"%3A"d9fG2gzWk4"%2C"ppu"%3A"http%3A%2F%2Flocalhost%3A9000%2Frobots.txt"%2C"lpu"%3A"http%3A%2F%2Flocalhost%3A9000%2Frobots.txt"}:2503
goog.async.Deferred.addCallbacks @ repl?xpc={"cn"%3A"d9fG2gzWk4"%2C"ppu"%3A"http%3A%2F%2Flocalhost%3A9000%2Frobots.txt"%2C"lpu"%3A"http%3A%2F%2Flocalhost%3A9000%2Frobots.txt"}:2499
goog.async.Deferred.fire_ @ repl?xpc={"cn"%3A"d9fG2gzWk4"%2C"ppu"%3A"http%3A%2F%2Flocalhost%3A9000%2Frobots.txt"%2C"lpu"%3A"http%3A%2F%2Flocalhost%3A9000%2Frobots.txt"}:2504
goog.async.Deferred.updateResult_ @ repl?xpc={"cn"%3A"d9fG2gzWk4"%2C"ppu"%3A"http%3A%2F%2Flocalhost%3A9000%2Frobots.txt"%2C"lpu"%3A"http%3A%2F%2Flocalhost%3A9000%2Frobots.txt"}:2496
goog.async.Deferred.continue_ @ repl?xpc={"cn"%3A"d9fG2gzWk4"%2C"ppu"%3A"http%3A%2F%2Flocalhost%3A9000%2Frobots.txt"%2C"lpu"%3A"http%3A%2F%2Flocalhost%3A9000%2Frobots.txt"}:2496
goog.async.Deferred.fire_ @ repl?xpc={"cn"%3A"d9fG2gzWk4"%2C"ppu"%3A"http%3A%2F%2Flocalhost%3A9000%2Frobots.txt"%2C"lpu"%3A"http%3A%2F%2Flocalhost%3A9000%2Frobots.txt"}:2503
goog.async.Deferred.updateResult_ @ repl?xpc={"cn"%3A"d9fG2gzWk4"%2C"ppu"%3A"http%3A%2F%2Flocalhost%3A9000%2Frobots.txt"%2C"lpu"%3A"http%3A%2F%2Flocalhost%3A9000%2Frobots.txt"}:2496
goog.async.Deferred.callback @ repl?xpc={"cn"%3A"d9fG2gzWk4"%2C"ppu"%3A"http%3A%2F%2Flocalhost%3A9000%2Frobots.txt"%2C"lpu"%3A"http%3A%2F%2Flocalhost%3A9000%2Frobots.txt"}:2497
goog.async.Deferred.fire_ @ repl?xpc={"cn"%3A"d9fG2gzWk4"%2C"ppu"%3A"http%3A%2F%2Flocalhost%3A9000%2Frobots.txt"%2C"lpu"%3A"http%3A%2F%2Flocalhost%3A9000%2Frobots.txt"}:2503
goog.async.Deferred.updateResult_ @ repl?xpc={"cn"%3A"d9fG2gzWk4"%2C"ppu"%3A"http%3A%2F%2Flocalhost%3A9000%2Frobots.txt"%2C"lpu"%3A"http%3A%2F%2Flocalhost%3A9000%2Frobots.txt"}:2496
goog.async.Deferred.callback @ repl?xpc={"cn"%3A"d9fG2gzWk4"%2C"ppu"%3A"http%3A%2F%2Flocalhost%3A9000%2Frobots.txt"%2C"lpu"%3A"http%3A%2F%2Flocalhost%3A9000%2Frobots.txt"}:2497
goog.net.xpc.NativeMessagingTransport.transportServiceHandler @ repl?xpc={"cn"%3A"d9fG2gzWk4"%2C"ppu"%3A"http%3A%2F%2Flocalhost%3A9000%2Frobots.txt"%2C"lpu"%3A"http%3A%2F%2Flocalhost%3A9000%2Frobots.txt"}:2589
goog.net.xpc.CrossPageChannel.xpcDeliver @ repl?xpc={"cn"%3A"d9fG2gzWk4"%2C"ppu"%3A"http%3A%2F%2Flocalhost%3A9000%2Frobots.txt"%2C"lpu"%3A"http%3A%2F%2Flocalhost%3A9000%2Frobots.txt"}:2632
goog.net.xpc.NativeMessagingTransport.messageReceived_ @ repl?xpc={"cn"%3A"d9fG2gzWk4"%2C"ppu"%3A"http%3A%2F%2Flocalhost%3A9000%2Frobots.txt"%2C"lpu"%3A"http%3A%2F%2Flocalhost%3A9000%2Frobots.txt"}:2587
goog.events.fireListener @ repl?xpc={"cn"%3A"d9fG2gzWk4"%2C"ppu"%3A"http%3A%2F%2Flocalhost%3A9000%2Frobots.txt"%2C"lpu"%3A"http%3A%2F%2Flocalhost%3A9000%2Frobots.txt"}:2433
goog.events.handleBrowserEvent_ @ repl?xpc={"cn"%3A"d9fG2gzWk4"%2C"ppu"%3A"http%3A%2F%2Flocalhost%3A9000%2Frobots.txt"%2C"lpu"%3A"http%3A%2F%2Flocalhost%3A9000%2Frobots.txt"}:2436
b @ repl?xpc={"cn"%3A"d9fG2gzWk4"%2C"ppu"%3A"http%3A%2F%2Flocalhost%3A9000%2Frobots.txt"%2C"lpu"%3A"http%3A%2F%2Flocalhost%3A9000%2Frobots.txt"}:2425
postMessage (async)
sendFunctor @ nativemessagingtransport.js:559
setTimeout (async)
goog.Timer.callOnce @ timer.js:287
send @ nativemessagingtransport.js:574
goog.net.xpc.NativeMessagingTransport.sendSetupAckMessage_ @ nativemessagingtransport.js:451
goog.net.xpc.NativeMessagingTransport.transportServiceHandler @ nativemessagingtransport.js:393
goog.net.xpc.CrossPageChannel.xpcDeliver @ crosspagechannel.js:730
goog.net.xpc.NativeMessagingTransport.messageReceived_ @ nativemessagingtransport.js:321
goog.events.fireListener @ events.js:744
goog.events.handleBrowserEvent_ @ events.js:870
f @ events.js:289
postMessage (async)
(anonymous) @ repl?xpc={"cn"%3A"d9fG2gzWk4"%2C"ppu"%3A"http%3A%2F%2Flocalhost%3A9000%2Frobots.txt"%2C"lpu"%3A"http%3A%2F%2Flocalhost%3A9000%2Frobots.txt"}:2595
setTimeout (async)
goog.Timer.callOnce @ repl?xpc={"cn"%3A"d9fG2gzWk4"%2C"ppu"%3A"http%3A%2F%2Flocalhost%3A9000%2Frobots.txt"%2C"lpu"%3A"http%3A%2F%2Flocalhost%3A9000%2Frobots.txt"}:2450
c.send @ repl?xpc={"cn"%3A"d9fG2gzWk4"%2C"ppu"%3A"http%3A%2F%2Flocalhost%3A9000%2Frobots.txt"%2C"lpu"%3A"http%3A%2F%2Flocalhost%3A9000%2Frobots.txt"}:2595
goog.net.xpc.NativeMessagingTransport.send @ repl?xpc={"cn"%3A"d9fG2gzWk4"%2C"ppu"%3A"http%3A%2F%2Flocalhost%3A9000%2Frobots.txt"%2C"lpu"%3A"http%3A%2F%2Flocalhost%3A9000%2Frobots.txt"}:2596
goog.net.xpc.NativeMessagingTransport.sendSetupMessage_ @ repl?xpc={"cn"%3A"d9fG2gzWk4"%2C"ppu"%3A"http%3A%2F%2Flocalhost%3A9000%2Frobots.txt"%2C"lpu"%3A"http%3A%2F%2Flocalhost%3A9000%2Frobots.txt"}:2591
goog.net.xpc.NativeMessagingTransport.maybeAttemptToConnect_ @ repl?xpc={"cn"%3A"d9fG2gzWk4"%2C"ppu"%3A"http%3A%2F%2Flocalhost%3A9000%2Frobots.txt"%2C"lpu"%3A"http%3A%2F%2Flocalhost%3A9000%2Frobots.txt"}:2594
goog.net.xpc.NativeMessagingTransport.connect @ repl?xpc={"cn"%3A"d9fG2gzWk4"%2C"ppu"%3A"http%3A%2F%2Flocalhost%3A9000%2Frobots.txt"%2C"lpu"%3A"http%3A%2F%2Flocalhost%3A9000%2Frobots.txt"}:2593
goog.net.xpc.CrossPageChannel.continueConnection_ @ repl?xpc={"cn"%3A"d9fG2gzWk4"%2C"ppu"%3A"http%3A%2F%2Flocalhost%3A9000%2Frobots.txt"%2C"lpu"%3A"http%3A%2F%2Flocalhost%3A9000%2Frobots.txt"}:2628
goog.net.xpc.CrossPageChannel.connect @ repl?xpc={"cn"%3A"d9fG2gzWk4"%2C"ppu"%3A"http%3A%2F%2Flocalhost%3A9000%2Frobots.txt"%2C"lpu"%3A"http%3A%2F%2Flocalhost%3A9000%2Frobots.txt"}:2626
goog.net.xpc.CrossPageChannel.clojure$browser$net$IConnection$connect$arity$2 @ repl?xpc={"cn"%3A"d9fG2gzWk4"%2C"ppu"%3A"http%3A%2F%2Flocalhost%3A9000%2Frobots.txt"%2C"lpu"%3A"http%3A%2F%2Flocalhost%3A9000%2Frobots.txt"}:2687
clojure.browser.net.connect.cljs$core$IFn$_invoke$arity$2 @ repl?xpc={"cn"%3A"d9fG2gzWk4"%2C"ppu"%3A"http%3A%2F%2Flocalhost%3A9000%2Frobots.txt"%2C"lpu"%3A"http%3A%2F%2Flocalhost%3A9000%2Frobots.txt"}:2664
clojure.browser.net.connect @ repl?xpc={"cn"%3A"d9fG2gzWk4"%2C"ppu"%3A"http%3A%2F%2Flocalhost%3A9000%2Frobots.txt"%2C"lpu"%3A"http%3A%2F%2Flocalhost%3A9000%2Frobots.txt"}:2661
clojure.browser.repl.start_evaluator @ repl?xpc={"cn"%3A"d9fG2gzWk4"%2C"ppu"%3A"http%3A%2F%2Flocalhost%3A9000%2Frobots.txt"%2C"lpu"%3A"http%3A%2F%2Flocalhost%3A9000%2Frobots.txt"}:3284
(anonymous) @ repl?xpc={"cn"%3A"d9fG2gzWk4"%2C"ppu"%3A"http%3A%2F%2Flocalhost%3A9000%2Frobots.txt"%2C"lpu"%3A"http%3A%2F%2Flocalhost%3A9000%2Frobots.txt"}:3296
goog.events.fireListener @ repl?xpc={"cn"%3A"d9fG2gzWk4"%2C"ppu"%3A"http%3A%2F%2Flocalhost%3A9000%2Frobots.txt"%2C"lpu"%3A"http%3A%2F%2Flocalhost%3A9000%2Frobots.txt"}:2433
goog.events.handleBrowserEvent_ @ repl?xpc={"cn"%3A"d9fG2gzWk4"%2C"ppu"%3A"http%3A%2F%2Flocalhost%3A9000%2Frobots.txt"%2C"lpu"%3A"http%3A%2F%2Flocalhost%3A9000%2Frobots.txt"}:2436
b @ repl?xpc={"cn"%3A"d9fG2gzWk4"%2C"ppu"%3A"http%3A%2F%2Flocalhost%3A9000%2Frobots.txt"%2C"lpu"%3A"http%3A%2F%2Flocalhost%3A9000%2Frobots.txt"}:2425
load (async)
goog.events.listen_ @ repl?xpc={"cn"%3A"d9fG2gzWk4"%2C"ppu"%3A"http%3A%2F%2Flocalhost%3A9000%2Frobots.txt"%2C"lpu"%3A"http%3A%2F%2Flocalhost%3A9000%2Frobots.txt"}:2424
goog.events.listen @ repl?xpc={"cn"%3A"d9fG2gzWk4"%2C"ppu"%3A"http%3A%2F%2Flocalhost%3A9000%2Frobots.txt"%2C"lpu"%3A"http%3A%2F%2Flocalhost%3A9000%2Frobots.txt"}:2422
clojure.browser.repl.client.start @ repl?xpc={"cn"%3A"d9fG2gzWk4"%2C"ppu"%3A"http%3A%2F%2Flocalhost%3A9000%2Frobots.txt"%2C"lpu"%3A"http%3A%2F%2Flocalhost%3A9000%2Frobots.txt"}:3296
(anonymous) @ repl?xpc={"cn"%3A"d9fG2gzWk4"%2C"ppu"%3A"http%3A%2F%2Flocalhost%3A9000%2Frobots.txt"%2C"lpu"%3A"http%3A%2F%2Flocalhost%3A9000%2Frobots.txt"}:3297
repl?xpc={"cn"%3A"d9fG2gzWk4"%2C"ppu"%3A"http%3A%2F%2Flocalhost%3A9000%2Frobots.txt"%2C"lpu"%3A"http%3A%2F%2Flocalhost%3A9000%2Frobots.txt"}:2469 XHR failed loading: POST "http://localhost:9000/".
goog.net.XhrIo.send @ repl?xpc={"cn"%3A"d9fG2gzWk4"%2C"ppu"%3A"http%3A%2F%2Flocalhost%3A9000%2Frobots.txt"%2C"lpu"%3A"http%3A%2F%2Flocalhost%3A9000%2Frobots.txt"}:2469
goog.net.XhrIo.clojure$browser$net$IConnection$transmit$arity$6 @ repl?xpc={"cn"%3A"d9fG2gzWk4"%2C"ppu"%3A"http%3A%2F%2Flocalhost%3A9000%2Frobots.txt"%2C"lpu"%3A"http%3A%2F%2Flocalhost%3A9000%2Frobots.txt"}:2678
clojure.browser.net.transmit.cljs$core$IFn$_invoke$arity$6 @ repl?xpc={"cn"%3A"d9fG2gzWk4"%2C"ppu"%3A"http%3A%2F%2Flocalhost%3A9000%2Frobots.txt"%2C"lpu"%3A"http%3A%2F%2Flocalhost%3A9000%2Frobots.txt"}:2674
clojure.browser.net.transmit @ repl?xpc={"cn"%3A"d9fG2gzWk4"%2C"ppu"%3A"http%3A%2F%2Flocalhost%3A9000%2Frobots.txt"%2C"lpu"%3A"http%3A%2F%2Flocalhost%3A9000%2Frobots.txt"}:2669
clojure.browser.repl.send_result @ repl?xpc={"cn"%3A"d9fG2gzWk4"%2C"ppu"%3A"http%3A%2F%2Flocalhost%3A9000%2Frobots.txt"%2C"lpu"%3A"http%3A%2F%2Flocalhost%3A9000%2Frobots.txt"}:3278
(anonymous) @ repl?xpc={"cn"%3A"d9fG2gzWk4"%2C"ppu"%3A"http%3A%2F%2Flocalhost%3A9000%2Frobots.txt"%2C"lpu"%3A"http%3A%2F%2Flocalhost%3A9000%2Frobots.txt"}:3286
goog.messaging.AbstractChannel.deliver @ repl?xpc={"cn"%3A"d9fG2gzWk4"%2C"ppu"%3A"http%3A%2F%2Flocalhost%3A9000%2Frobots.txt"%2C"lpu"%3A"http%3A%2F%2Flocalhost%3A9000%2Frobots.txt"}:2517
goog.net.xpc.CrossPageChannel.xpcDeliver @ repl?xpc={"cn"%3A"d9fG2gzWk4"%2C"ppu"%3A"http%3A%2F%2Flocalhost%3A9000%2Frobots.txt"%2C"lpu"%3A"http%3A%2F%2Flocalhost%3A9000%2Frobots.txt"}:2631
goog.net.xpc.NativeMessagingTransport.messageReceived_ @ repl?xpc={"cn"%3A"d9fG2gzWk4"%2C"ppu"%3A"http%3A%2F%2Flocalhost%3A9000%2Frobots.txt"%2C"lpu"%3A"http%3A%2F%2Flocalhost%3A9000%2Frobots.txt"}:2587
goog.events.fireListener @ repl?xpc={"cn"%3A"d9fG2gzWk4"%2C"ppu"%3A"http%3A%2F%2Flocalhost%3A9000%2Frobots.txt"%2C"lpu"%3A"http%3A%2F%2Flocalhost%3A9000%2Frobots.txt"}:2433
goog.events.handleBrowserEvent_ @ repl?xpc={"cn"%3A"d9fG2gzWk4"%2C"ppu"%3A"http%3A%2F%2Flocalhost%3A9000%2Frobots.txt"%2C"lpu"%3A"http%3A%2F%2Flocalhost%3A9000%2Frobots.txt"}:2436
b @ repl?xpc={"cn"%3A"d9fG2gzWk4"%2C"ppu"%3A"http%3A%2F%2Flocalhost%3A9000%2Frobots.txt"%2C"lpu"%3A"http%3A%2F%2Flocalhost%3A9000%2Frobots.txt"}:2425
postMessage (async)
sendFunctor @ nativemessagingtransport.js:559
setTimeout (async)
goog.Timer.callOnce @ timer.js:287
send @ nativemessagingtransport.js:574
goog.net.xpc.CrossPageChannel.send @ crosspagechannel.js:681
(anonymous) @ net.cljs:112
(anonymous) @ net.cljs:39
clojure$browser$net$transmit @ net.cljs:31
(anonymous) @ repl.cljs:254
goog.messaging.AbstractChannel.deliver @ abstractchannel.js:141
goog.net.xpc.CrossPageChannel.xpcDeliver @ crosspagechannel.js:734
goog.net.xpc.NativeMessagingTransport.messageReceived_ @ nativemessagingtransport.js:321
goog.events.fireListener @ events.js:744
goog.events.handleBrowserEvent_ @ events.js:870
f @ events.js:289
postMessage (async)
(anonymous) @ repl?xpc={"cn"%3A"d9fG2gzWk4"%2C"ppu"%3A"http%3A%2F%2Flocalhost%3A9000%2Frobots.txt"%2C"lpu"%3A"http%3A%2F%2Flocalhost%3A9000%2Frobots.txt"}:2595
setTimeout (async)
goog.Timer.callOnce @ repl?xpc={"cn"%3A"d9fG2gzWk4"%2C"ppu"%3A"http%3A%2F%2Flocalhost%3A9000%2Frobots.txt"%2C"lpu"%3A"http%3A%2F%2Flocalhost%3A9000%2Frobots.txt"}:2450
c.send @ repl?xpc={"cn"%3A"d9fG2gzWk4"%2C"ppu"%3A"http%3A%2F%2Flocalhost%3A9000%2Frobots.txt"%2C"lpu"%3A"http%3A%2F%2Flocalhost%3A9000%2Frobots.txt"}:2595
goog.net.xpc.CrossPageChannel.send @ repl?xpc={"cn"%3A"d9fG2gzWk4"%2C"ppu"%3A"http%3A%2F%2Flocalhost%3A9000%2Frobots.txt"%2C"lpu"%3A"http%3A%2F%2Flocalhost%3A9000%2Frobots.txt"}:2630
goog.net.xpc.CrossPageChannel.clojure$browser$net$IConnection$transmit$arity$3 @ repl?xpc={"cn"%3A"d9fG2gzWk4"%2C"ppu"%3A"http%3A%2F%2Flocalhost%3A9000%2Frobots.txt"%2C"lpu"%3A"http%3A%2F%2Flocalhost%3A9000%2Frobots.txt"}:2688
clojure.browser.net.transmit.cljs$core$IFn$_invoke$arity$3 @ repl?xpc={"cn"%3A"d9fG2gzWk4"%2C"ppu"%3A"http%3A%2F%2Flocalhost%3A9000%2Frobots.txt"%2C"lpu"%3A"http%3A%2F%2Flocalhost%3A9000%2Frobots.txt"}:2671
clojure.browser.net.transmit @ repl?xpc={"cn"%3A"d9fG2gzWk4"%2C"ppu"%3A"http%3A%2F%2Flocalhost%3A9000%2Frobots.txt"%2C"lpu"%3A"http%3A%2F%2Flocalhost%3A9000%2Frobots.txt"}:2668
(anonymous) @ repl?xpc={"cn"%3A"d9fG2gzWk4"%2C"ppu"%3A"http%3A%2F%2Flocalhost%3A9000%2Frobots.txt"%2C"lpu"%3A"http%3A%2F%2Flocalhost%3A9000%2Frobots.txt"}:3285
goog.events.EventTarget.fireListeners @ repl?xpc={"cn"%3A"d9fG2gzWk4"%2C"ppu"%3A"http%3A%2F%2Flocalhost%3A9000%2Frobots.txt"%2C"lpu"%3A"http%3A%2F%2Flocalhost%3A9000%2Frobots.txt"}:2443
goog.events.EventTarget.dispatchEventInternal_ @ repl?xpc={"cn"%3A"d9fG2gzWk4"%2C"ppu"%3A"http%3A%2F%2Flocalhost%3A9000%2Frobots.txt"%2C"lpu"%3A"http%3A%2F%2Flocalhost%3A9000%2Frobots.txt"}:2445
goog.events.EventTarget.dispatchEvent @ repl?xpc={"cn"%3A"d9fG2gzWk4"%2C"ppu"%3A"http%3A%2F%2Flocalhost%3A9000%2Frobots.txt"%2C"lpu"%3A"http%3A%2F%2Flocalhost%3A9000%2Frobots.txt"}:2440
goog.net.XhrIo.onReadyStateChangeHelper_ @ repl?xpc={"cn"%3A"d9fG2gzWk4"%2C"ppu"%3A"http%3A%2F%2Flocalhost%3A9000%2Frobots.txt"%2C"lpu"%3A"http%3A%2F%2Flocalhost%3A9000%2Frobots.txt"}:2476
goog.net.XhrIo.onReadyStateChangeEntryPoint_ @ repl?xpc={"cn"%3A"d9fG2gzWk4"%2C"ppu"%3A"http%3A%2F%2Flocalhost%3A9000%2Frobots.txt"%2C"lpu"%3A"http%3A%2F%2Flocalhost%3A9000%2Frobots.txt"}:2474
goog.net.XhrIo.onReadyStateChange_ @ repl?xpc={"cn"%3A"d9fG2gzWk4"%2C"ppu"%3A"http%3A%2F%2Flocalhost%3A9000%2Frobots.txt"%2C"lpu"%3A"http%3A%2F%2Flocalhost%3A9000%2Frobots.txt"}:2474
XMLHttpRequest.send (async)
goog.net.XhrIo.send @ repl?xpc={"cn"%3A"d9fG2gzWk4"%2C"ppu"%3A"http%3A%2F%2Flocalhost%3A9000%2Frobots.txt"%2C"lpu"%3A"http%3A%2F%2Flocalhost%3A9000%2Frobots.txt"}:2469
goog.net.XhrIo.clojure$browser$net$IConnection$transmit$arity$6 @ repl?xpc={"cn"%3A"d9fG2gzWk4"%2C"ppu"%3A"http%3A%2F%2Flocalhost%3A9000%2Frobots.txt"%2C"lpu"%3A"http%3A%2F%2Flocalhost%3A9000%2Frobots.txt"}:2678
clojure.browser.net.transmit.cljs$core$IFn$_invoke$arity$6 @ repl?xpc={"cn"%3A"d9fG2gzWk4"%2C"ppu"%3A"http%3A%2F%2Flocalhost%3A9000%2Frobots.txt"%2C"lpu"%3A"http%3A%2F%2Flocalhost%3A9000%2Frobots.txt"}:2674
clojure.browser.net.transmit @ repl?xpc={"cn"%3A"d9fG2gzWk4"%2C"ppu"%3A"http%3A%2F%2Flocalhost%3A9000%2Frobots.txt"%2C"lpu"%3A"http%3A%2F%2Flocalhost%3A9000%2Frobots.txt"}:2669
clojure.browser.repl.send_result @ repl?xpc={"cn"%3A"d9fG2gzWk4"%2C"ppu"%3A"http%3A%2F%2Flocalhost%3A9000%2Frobots.txt"%2C"lpu"%3A"http%3A%2F%2Flocalhost%3A9000%2Frobots.txt"}:3278
(anonymous) @ repl?xpc={"cn"%3A"d9fG2gzWk4"%2C"ppu"%3A"http%3A%2F%2Flocalhost%3A9000%2Frobots.txt"%2C"lpu"%3A"http%3A%2F%2Flocalhost%3A9000%2Frobots.txt"}:3285
goog.messaging.AbstractChannel.deliver @ repl?xpc={"cn"%3A"d9fG2gzWk4"%2C"ppu"%3A"http%3A%2F%2Flocalhost%3A9000%2Frobots.txt"%2C"lpu"%3A"http%3A%2F%2Flocalhost%3A9000%2Frobots.txt"}:2517
goog.net.xpc.CrossPageChannel.xpcDeliver @ repl?xpc={"cn"%3A"d9fG2gzWk4"%2C"ppu"%3A"http%3A%2F%2Flocalhost%3A9000%2Frobots.txt"%2C"lpu"%3A"http%3A%2F%2Flocalhost%3A9000%2Frobots.txt"}:2631
goog.net.xpc.NativeMessagingTransport.messageReceived_ @ repl?xpc={"cn"%3A"d9fG2gzWk4"%2C"ppu"%3A"http%3A%2F%2Flocalhost%3A9000%2Frobots.txt"%2C"lpu"%3A"http%3A%2F%2Flocalhost%3A9000%2Frobots.txt"}:2587
goog.events.fireListener @ repl?xpc={"cn"%3A"d9fG2gzWk4"%2C"ppu"%3A"http%3A%2F%2Flocalhost%3A9000%2Frobots.txt"%2C"lpu"%3A"http%3A%2F%2Flocalhost%3A9000%2Frobots.txt"}:2433
goog.events.handleBrowserEvent_ @ repl?xpc={"cn"%3A"d9fG2gzWk4"%2C"ppu"%3A"http%3A%2F%2Flocalhost%3A9000%2Frobots.txt"%2C"lpu"%3A"http%3A%2F%2Flocalhost%3A9000%2Frobots.txt"}:2436
b @ repl?xpc={"cn"%3A"d9fG2gzWk4"%2C"ppu"%3A"http%3A%2F%2Flocalhost%3A9000%2Frobots.txt"%2C"lpu"%3A"http%3A%2F%2Flocalhost%3A9000%2Frobots.txt"}:2425
postMessage (async)
sendFunctor @ nativemessagingtransport.js:559
setTimeout (async)
goog.Timer.callOnce @ timer.js:287
send @ nativemessagingtransport.js:574
goog.net.xpc.CrossPageChannel.send @ crosspagechannel.js:681
(anonymous) @ net.cljs:112
(anonymous) @ net.cljs:39
clojure$browser$net$transmit @ net.cljs:31
(anonymous) @ repl.cljs:244
goog.messaging.AbstractChannel.deliver @ abstractchannel.js:141
goog.net.xpc.CrossPageChannel.xpcDeliver @ crosspagechannel.js:734
goog.net.xpc.NativeMessagingTransport.messageReceived_ @ nativemessagingtransport.js:321
goog.events.fireListener @ events.js:744
goog.events.handleBrowserEvent_ @ events.js:870
f @ events.js:289
postMessage (async)
(anonymous) @ repl?xpc={"cn"%3A"d9fG2gzWk4"%2C"ppu"%3A"http%3A%2F%2Flocalhost%3A9000%2Frobots.txt"%2C"lpu"%3A"http%3A%2F%2Flocalhost%3A9000%2Frobots.txt"}:2595
setTimeout (async)
goog.Timer.callOnce @ repl?xpc={"cn"%3A"d9fG2gzWk4"%2C"ppu"%3A"http%3A%2F%2Flocalhost%3A9000%2Frobots.txt"%2C"lpu"%3A"http%3A%2F%2Flocalhost%3A9000%2Frobots.txt"}:2450
c.send @ repl?xpc={"cn"%3A"d9fG2gzWk4"%2C"ppu"%3A"http%3A%2F%2Flocalhost%3A9000%2Frobots.txt"%2C"lpu"%3A"http%3A%2F%2Flocalhost%3A9000%2Frobots.txt"}:2595
goog.net.xpc.CrossPageChannel.send @ repl?xpc={"cn"%3A"d9fG2gzWk4"%2C"ppu"%3A"http%3A%2F%2Flocalhost%3A9000%2Frobots.txt"%2C"lpu"%3A"http%3A%2F%2Flocalhost%3A9000%2Frobots.txt"}:2630
goog.net.xpc.CrossPageChannel.clojure$browser$net$IConnection$transmit$arity$3 @ repl?xpc={"cn"%3A"d9fG2gzWk4"%2C"ppu"%3A"http%3A%2F%2Flocalhost%3A9000%2Frobots.txt"%2C"lpu"%3A"http%3A%2F%2Flocalhost%3A9000%2Frobots.txt"}:2688
clojure.browser.net.transmit.cljs$core$IFn$_invoke$arity$3 @ repl?xpc={"cn"%3A"d9fG2gzWk4"%2C"ppu"%3A"http%3A%2F%2Flocalhost%3A9000%2Frobots.txt"%2C"lpu"%3A"http%3A%2F%2Flocalhost%3A9000%2Frobots.txt"}:2671
clojure.browser.net.transmit @ repl?xpc={"cn"%3A"d9fG2gzWk4"%2C"ppu"%3A"http%3A%2F%2Flocalhost%3A9000%2Frobots.txt"%2C"lpu"%3A"http%3A%2F%2Flocalhost%3A9000%2Frobots.txt"}:2668
f @ repl?xpc={"cn"%3A"d9fG2gzWk4"%2C"ppu"%3A"http%3A%2F%2Flocalhost%3A9000%2Frobots.txt"%2C"lpu"%3A"http%3A%2F%2Flocalhost%3A9000%2Frobots.txt"}:3284
goog.net.xpc.CrossPageChannel.notifyConnected @ repl?xpc={"cn"%3A"d9fG2gzWk4"%2C"ppu"%3A"http%3A%2F%2Flocalhost%3A9000%2Frobots.txt"%2C"lpu"%3A"http%3A%2F%2Flocalhost%3A9000%2Frobots.txt"}:2629
goog.net.xpc.NativeMessagingTransport.notifyConnected_ @ repl?xpc={"cn"%3A"d9fG2gzWk4"%2C"ppu"%3A"http%3A%2F%2Flocalhost%3A9000%2Frobots.txt"%2C"lpu"%3A"http%3A%2F%2Flocalhost%3A9000%2Frobots.txt"}:2596
goog.async.Deferred.fire_ @ repl?xpc={"cn"%3A"d9fG2gzWk4"%2C"ppu"%3A"http%3A%2F%2Flocalhost%3A9000%2Frobots.txt"%2C"lpu"%3A"http%3A%2F%2Flocalhost%3A9000%2Frobots.txt"}:2503
goog.async.Deferred.updateResult_ @ repl?xpc={"cn"%3A"d9fG2gzWk4"%2C"ppu"%3A"http%3A%2F%2Flocalhost%3A9000%2Frobots.txt"%2C"lpu"%3A"http%3A%2F%2Flocalhost%3A9000%2Frobots.txt"}:2496
goog.async.Deferred.continue_ @ repl?xpc={"cn"%3A"d9fG2gzWk4"%2C"ppu"%3A"http%3A%2F%2Flocalhost%3A9000%2Frobots.txt"%2C"lpu"%3A"http%3A%2F%2Flocalhost%3A9000%2Frobots.txt"}:2496
goog.async.Deferred.fire_ @ repl?xpc={"cn"%3A"d9fG2gzWk4"%2C"ppu"%3A"http%3A%2F%2Flocalhost%3A9000%2Frobots.txt"%2C"lpu"%3A"http%3A%2F%2Flocalhost%3A9000%2Frobots.txt"}:2503
goog.async.Deferred.addCallbacks @ repl?xpc={"cn"%3A"d9fG2gzWk4"%2C"ppu"%3A"http%3A%2F%2Flocalhost%3A9000%2Frobots.txt"%2C"lpu"%3A"http%3A%2F%2Flocalhost%3A9000%2Frobots.txt"}:2499
goog.async.Deferred.fire_ @ repl?xpc={"cn"%3A"d9fG2gzWk4"%2C"ppu"%3A"http%3A%2F%2Flocalhost%3A9000%2Frobots.txt"%2C"lpu"%3A"http%3A%2F%2Flocalhost%3A9000%2Frobots.txt"}:2504
goog.async.Deferred.updateResult_ @ repl?xpc={"cn"%3A"d9fG2gzWk4"%2C"ppu"%3A"http%3A%2F%2Flocalhost%3A9000%2Frobots.txt"%2C"lpu"%3A"http%3A%2F%2Flocalhost%3A9000%2Frobots.txt"}:2496
goog.async.Deferred.continue_ @ repl?xpc={"cn"%3A"d9fG2gzWk4"%2C"ppu"%3A"http%3A%2F%2Flocalhost%3A9000%2Frobots.txt"%2C"lpu"%3A"http%3A%2F%2Flocalhost%3A9000%2Frobots.txt"}:2496
goog.async.Deferred.fire_ @ repl?xpc={"cn"%3A"d9fG2gzWk4"%2C"ppu"%3A"http%3A%2F%2Flocalhost%3A9000%2Frobots.txt"%2C"lpu"%3A"http%3A%2F%2Flocalhost%3A9000%2Frobots.txt"}:2503
goog.async.Deferred.updateResult_ @ repl?xpc={"cn"%3A"d9fG2gzWk4"%2C"ppu"%3A"http%3A%2F%2Flocalhost%3A9000%2Frobots.txt"%2C"lpu"%3A"http%3A%2F%2Flocalhost%3A9000%2Frobots.txt"}:2496
goog.async.Deferred.callback @ repl?xpc={"cn"%3A"d9fG2gzWk4"%2C"ppu"%3A"http%3A%2F%2Flocalhost%3A9000%2Frobots.txt"%2C"lpu"%3A"http%3A%2F%2Flocalhost%3A9000%2Frobots.txt"}:2497
goog.async.Deferred.fire_ @ repl?xpc={"cn"%3A"d9fG2gzWk4"%2C"ppu"%3A"http%3A%2F%2Flocalhost%3A9000%2Frobots.txt"%2C"lpu"%3A"http%3A%2F%2Flocalhost%3A9000%2Frobots.txt"}:2503
goog.async.Deferred.updateResult_ @ repl?xpc={"cn"%3A"d9fG2gzWk4"%2C"ppu"%3A"http%3A%2F%2Flocalhost%3A9000%2Frobots.txt"%2C"lpu"%3A"http%3A%2F%2Flocalhost%3A9000%2Frobots.txt"}:2496
goog.async.Deferred.callback @ repl?xpc={"cn"%3A"d9fG2gzWk4"%2C"ppu"%3A"http%3A%2F%2Flocalhost%3A9000%2Frobots.txt"%2C"lpu"%3A"http%3A%2F%2Flocalhost%3A9000%2Frobots.txt"}:2497
goog.net.xpc.NativeMessagingTransport.transportServiceHandler @ repl?xpc={"cn"%3A"d9fG2gzWk4"%2C"ppu"%3A"http%3A%2F%2Flocalhost%3A9000%2Frobots.txt"%2C"lpu"%3A"http%3A%2F%2Flocalhost%3A9000%2Frobots.txt"}:2589
goog.net.xpc.CrossPageChannel.xpcDeliver @ repl?xpc={"cn"%3A"d9fG2gzWk4"%2C"ppu"%3A"http%3A%2F%2Flocalhost%3A9000%2Frobots.txt"%2C"lpu"%3A"http%3A%2F%2Flocalhost%3A9000%2Frobots.txt"}:2632
goog.net.xpc.NativeMessagingTransport.messageReceived_ @ repl?xpc={"cn"%3A"d9fG2gzWk4"%2C"ppu"%3A"http%3A%2F%2Flocalhost%3A9000%2Frobots.txt"%2C"lpu"%3A"http%3A%2F%2Flocalhost%3A9000%2Frobots.txt"}:2587
goog.events.fireListener @ repl?xpc={"cn"%3A"d9fG2gzWk4"%2C"ppu"%3A"http%3A%2F%2Flocalhost%3A9000%2Frobots.txt"%2C"lpu"%3A"http%3A%2F%2Flocalhost%3A9000%2Frobots.txt"}:2433
goog.events.handleBrowserEvent_ @ repl?xpc={"cn"%3A"d9fG2gzWk4"%2C"ppu"%3A"http%3A%2F%2Flocalhost%3A9000%2Frobots.txt"%2C"lpu"%3A"http%3A%2F%2Flocalhost%3A9000%2Frobots.txt"}:2436
b @ repl?xpc={"cn"%3A"d9fG2gzWk4"%2C"ppu"%3A"http%3A%2F%2Flocalhost%3A9000%2Frobots.txt"%2C"lpu"%3A"http%3A%2F%2Flocalhost%3A9000%2Frobots.txt"}:2425
postMessage (async)
sendFunctor @ nativemessagingtransport.js:559
setTimeout (async)
goog.Timer.callOnce @ timer.js:287
send @ nativemessagingtransport.js:574
goog.net.xpc.NativeMessagingTransport.sendSetupAckMessage_ @ nativemessagingtransport.js:451
goog.net.xpc.NativeMessagingTransport.transportServiceHandler @ nativemessagingtransport.js:393
goog.net.xpc.CrossPageChannel.xpcDeliver @ crosspagechannel.js:730
goog.net.xpc.NativeMessagingTransport.messageReceived_ @ nativemessagingtransport.js:321
goog.events.fireListener @ events.js:744
goog.events.handleBrowserEvent_ @ events.js:870
f @ events.js:289
postMessage (async)
(anonymous) @ repl?xpc={"cn"%3A"d9fG2gzWk4"%2C"ppu"%3A"http%3A%2F%2Flocalhost%3A9000%2Frobots.txt"%2C"lpu"%3A"http%3A%2F%2Flocalhost%3A9000%2Frobots.txt"}:2595
setTimeout (async)
goog.Timer.callOnce @ repl?xpc={"cn"%3A"d9fG2gzWk4"%2C"ppu"%3A"http%3A%2F%2Flocalhost%3A9000%2Frobots.txt"%2C"lpu"%3A"http%3A%2F%2Flocalhost%3A9000%2Frobots.txt"}:2450
c.send @ repl?xpc={"cn"%3A"d9fG2gzWk4"%2C"ppu"%3A"http%3A%2F%2Flocalhost%3A9000%2Frobots.txt"%2C"lpu"%3A"http%3A%2F%2Flocalhost%3A9000%2Frobots.txt"}:2595
goog.net.xpc.NativeMessagingTransport.send @ repl?xpc={"cn"%3A"d9fG2gzWk4"%2C"ppu"%3A"http%3A%2F%2Flocalhost%3A9000%2Frobots.txt"%2C"lpu"%3A"http%3A%2F%2Flocalhost%3A9000%2Frobots.txt"}:2596
goog.net.xpc.NativeMessagingTransport.sendSetupMessage_ @ repl?xpc={"cn"%3A"d9fG2gzWk4"%2C"ppu"%3A"http%3A%2F%2Flocalhost%3A9000%2Frobots.txt"%2C"lpu"%3A"http%3A%2F%2Flocalhost%3A9000%2Frobots.txt"}:2591
goog.net.xpc.NativeMessagingTransport.maybeAttemptToConnect_ @ repl?xpc={"cn"%3A"d9fG2gzWk4"%2C"ppu"%3A"http%3A%2F%2Flocalhost%3A9000%2Frobots.txt"%2C"lpu"%3A"http%3A%2F%2Flocalhost%3A9000%2Frobots.txt"}:2594
goog.net.xpc.NativeMessagingTransport.connect @ repl?xpc={"cn"%3A"d9fG2gzWk4"%2C"ppu"%3A"http%3A%2F%2Flocalhost%3A9000%2Frobots.txt"%2C"lpu"%3A"http%3A%2F%2Flocalhost%3A9000%2Frobots.txt"}:2593
goog.net.xpc.CrossPageChannel.continueConnection_ @ repl?xpc={"cn"%3A"d9fG2gzWk4"%2C"ppu"%3A"http%3A%2F%2Flocalhost%3A9000%2Frobots.txt"%2C"lpu"%3A"http%3A%2F%2Flocalhost%3A9000%2Frobots.txt"}:2628
goog.net.xpc.CrossPageChannel.connect @ repl?xpc={"cn"%3A"d9fG2gzWk4"%2C"ppu"%3A"http%3A%2F%2Flocalhost%3A9000%2Frobots.txt"%2C"lpu"%3A"http%3A%2F%2Flocalhost%3A9000%2Frobots.txt"}:2626
goog.net.xpc.CrossPageChannel.clojure$browser$net$IConnection$connect$arity$2 @ repl?xpc={"cn"%3A"d9fG2gzWk4"%2C"ppu"%3A"http%3A%2F%2Flocalhost%3A9000%2Frobots.txt"%2C"lpu"%3A"http%3A%2F%2Flocalhost%3A9000%2Frobots.txt"}:2687
clojure.browser.net.connect.cljs$core$IFn$_invoke$arity$2 @ repl?xpc={"cn"%3A"d9fG2gzWk4"%2C"ppu"%3A"http%3A%2F%2Flocalhost%3A9000%2Frobots.txt"%2C"lpu"%3A"http%3A%2F%2Flocalhost%3A9000%2Frobots.txt"}:2664
clojure.browser.net.connect @ repl?xpc={"cn"%3A"d9fG2gzWk4"%2C"ppu"%3A"http%3A%2F%2Flocalhost%3A9000%2Frobots.txt"%2C"lpu"%3A"http%3A%2F%2Flocalhost%3A9000%2Frobots.txt"}:2661
clojure.browser.repl.start_evaluator @ repl?xpc={"cn"%3A"d9fG2gzWk4"%2C"ppu"%3A"http%3A%2F%2Flocalhost%3A9000%2Frobots.txt"%2C"lpu"%3A"http%3A%2F%2Flocalhost%3A9000%2Frobots.txt"}:3284
(anonymous) @ repl?xpc={"cn"%3A"d9fG2gzWk4"%2C"ppu"%3A"http%3A%2F%2Flocalhost%3A9000%2Frobots.txt"%2C"lpu"%3A"http%3A%2F%2Flocalhost%3A9000%2Frobots.txt"}:3296
goog.events.fireListener @ repl?xpc={"cn"%3A"d9fG2gzWk4"%2C"ppu"%3A"http%3A%2F%2Flocalhost%3A9000%2Frobots.txt"%2C"lpu"%3A"http%3A%2F%2Flocalhost%3A9000%2Frobots.txt"}:2433
goog.events.handleBrowserEvent_ @ repl?xpc={"cn"%3A"d9fG2gzWk4"%2C"ppu"%3A"http%3A%2F%2Flocalhost%3A9000%2Frobots.txt"%2C"lpu"%3A"http%3A%2F%2Flocalhost%3A9000%2Frobots.txt"}:2436
b @ repl?xpc={"cn"%3A"d9fG2gzWk4"%2C"ppu"%3A"http%3A%2F%2Flocalhost%3A9000%2Frobots.txt"%2C"lpu"%3A"http%3A%2F%2Flocalhost%3A9000%2Frobots.txt"}:2425
load (async)
goog.events.listen_ @ repl?xpc={"cn"%3A"d9fG2gzWk4"%2C"ppu"%3A"http%3A%2F%2Flocalhost%3A9000%2Frobots.txt"%2C"lpu"%3A"http%3A%2F%2Flocalhost%3A9000%2Frobots.txt"}:2424
goog.events.listen @ repl?xpc={"cn"%3A"d9fG2gzWk4"%2C"ppu"%3A"http%3A%2F%2Flocalhost%3A9000%2Frobots.txt"%2C"lpu"%3A"http%3A%2F%2Flocalhost%3A9000%2Frobots.txt"}:2422
clojure.browser.repl.client.start @ repl?xpc={"cn"%3A"d9fG2gzWk4"%2C"ppu"%3A"http%3A%2F%2Flocalhost%3A9000%2Frobots.txt"%2C"lpu"%3A"http%3A%2F%2Flocalhost%3A9000%2Frobots.txt"}:3296
(anonymous) @ repl?xpc={"cn"%3A"d9fG2gzWk4"%2C"ppu"%3A"http%3A%2F%2Flocalhost%3A9000%2Frobots.txt"%2C"lpu"%3A"http%3A%2F%2Flocalhost%3A9000%2Frobots.txt"}:3297
